<?xml version="1.0" encoding="UTF-8"?>
<!-- Generated by org.testng.reporters.JUnitReportReporter -->
<testsuite hostname="Tofails-MBP.fios-router.home" name="TestPage.TestPage" tests="1" failures="0" timestamp="22 May 2016 22:17:56 GMT" time="85.102" errors="0">
  <testcase name="NewTest" time="85.102" classname="TestPage.TestPage"/>
</testsuite> <!-- TestPage.TestPage -->
