<?xml version="1.0" encoding="UTF-8"?>
<!-- Generated by org.testng.reporters.JUnitReportReporter -->
<testsuite hostname="Tofails-MacBook-Pro.local" name="TestPage.TestPage" tests="1" failures="0" timestamp="22 May 2016 23:50:31 GMT" time="119.652" errors="0">
  <testcase name="NewTest" time="119.652" classname="TestPage.TestPage"/>
</testsuite> <!-- TestPage.TestPage -->
